d:\mydocuments\gf2d work\5-13-19 recovery\it-276\60 seconds to failure\src\game.c:23: ---==== BEGIN ====---
d:\mydocuments\gf2d work\5-13-19 recovery\it-276\60 seconds to failure\src\graphics.c:65: SDL initialization success!
d:\mydocuments\gf2d work\5-13-19 recovery\it-276\60 seconds to failure\src\graphics.c:151: Graphics initialized successfully
d:\mydocuments\gf2d work\5-13-19 recovery\it-276\60 seconds to failure\src\sprites.c:33: sprite system initialized
d:\mydocuments\gf2d work\5-13-19 recovery\it-276\60 seconds to failure\src\gf2d_text.c:171: font library loaded with 9 fonts
d:\mydocuments\gf2d work\5-13-19 recovery\it-276\60 seconds to failure\src\gf2d_text.c:48: text system initialized
d:\mydocuments\gf2d work\5-13-19 recovery\it-276\60 seconds to failure\src\entity.c:38: entity system initialized
d:\mydocuments\gf2d work\5-13-19 recovery\it-276\60 seconds to failure\src\sprites.c:41: Attempting to load images/Overworld/emptyTile.png...
d:\mydocuments\gf2d work\5-13-19 recovery\it-276\60 seconds to failure\src\sprites.c:41: Attempting to load images/ShelterSideView/shelterTiles.png...
d:\mydocuments\gf2d work\5-13-19 recovery\it-276\60 seconds to failure\src\sprites.c:393: Created a blank target texture
d:\mydocuments\gf2d work\5-13-19 recovery\it-276\60 seconds to failure\src\tilemap.c:618: Mapping color: 255, 0, 0
d:\mydocuments\gf2d work\5-13-19 recovery\it-276\60 seconds to failure\src\tilemap.c:618: Mapping color: 255, 106, 0
d:\mydocuments\gf2d work\5-13-19 recovery\it-276\60 seconds to failure\src\tilemap.c:618: Mapping color: 255, 216, 0
d:\mydocuments\gf2d work\5-13-19 recovery\it-276\60 seconds to failure\src\tilemap.c:618: Mapping color: 182, 255, 0
d:\mydocuments\gf2d work\5-13-19 recovery\it-276\60 seconds to failure\src\tilemap.c:618: Mapping color: 76, 255, 0
d:\mydocuments\gf2d work\5-13-19 recovery\it-276\60 seconds to failure\src\tilemap.c:618: Mapping color: 0, 255, 144
d:\mydocuments\gf2d work\5-13-19 recovery\it-276\60 seconds to failure\src\tilemap.c:618: Mapping color: 0, 255, 255
d:\mydocuments\gf2d work\5-13-19 recovery\it-276\60 seconds to failure\src\tilemap.c:618: Mapping color: 0, 148, 255
d:\mydocuments\gf2d work\5-13-19 recovery\it-276\60 seconds to failure\src\tilemap.c:618: Mapping color: 0, 38, 255
d:\mydocuments\gf2d work\5-13-19 recovery\it-276\60 seconds to failure\src\tilemap.c:618: Mapping color: 72, 0, 255
d:\mydocuments\gf2d work\5-13-19 recovery\it-276\60 seconds to failure\src\tilemap.c:618: Mapping color: 178, 0, 255
d:\mydocuments\gf2d work\5-13-19 recovery\it-276\60 seconds to failure\src\tilemap.c:618: Mapping color: 255, 0, 220
d:\mydocuments\gf2d work\5-13-19 recovery\it-276\60 seconds to failure\src\tilemap.c:618: Mapping color: 255, 0, 110
d:\mydocuments\gf2d work\5-13-19 recovery\it-276\60 seconds to failure\src\tilemap.c:618: Mapping color: 128, 128, 128
d:\mydocuments\gf2d work\5-13-19 recovery\it-276\60 seconds to failure\src\tilemap.c:618: Mapping color: 91, 127, 0
d:\mydocuments\gf2d work\5-13-19 recovery\it-276\60 seconds to failure\src\tilemap.c:618: Mapping color: 127, 106, 0
d:\mydocuments\gf2d work\5-13-19 recovery\it-276\60 seconds to failure\src\tilemap.c:618: Mapping color: 127, 0, 0
d:\mydocuments\gf2d work\5-13-19 recovery\it-276\60 seconds to failure\src\tilemap.c:618: Mapping color: 127, 51, 0
d:\mydocuments\gf2d work\5-13-19 recovery\it-276\60 seconds to failure\src\tilemap.c:618: Mapping color: 0, 127, 14
d:\mydocuments\gf2d work\5-13-19 recovery\it-276\60 seconds to failure\src\tilemap.c:618: Mapping color: 0, 74, 127
d:\mydocuments\gf2d work\5-13-19 recovery\it-276\60 seconds to failure\src\tilemap.c:618: Mapping color: 0, 223, 0
d:\mydocuments\gf2d work\5-13-19 recovery\it-276\60 seconds to failure\src\tilemap.c:618: Mapping color: 31, 191, 0
d:\mydocuments\gf2d work\5-13-19 recovery\it-276\60 seconds to failure\src\animations.c:29: Cannot create 0 animations
d:\mydocuments\gf2d work\5-13-19 recovery\it-276\60 seconds to failure\src\actor.c:23: using new actor
d:\mydocuments\gf2d work\5-13-19 recovery\it-276\60 seconds to failure\src\sprites.c:41: Attempting to load images/transitionImage.png...
d:\mydocuments\gf2d work\5-13-19 recovery\it-276\60 seconds to failure\src\actor.c:23: using new actor
d:\mydocuments\gf2d work\5-13-19 recovery\it-276\60 seconds to failure\src\actor.c:454: TempBuffer: once
d:\mydocuments\gf2d work\5-13-19 recovery\it-276\60 seconds to failure\src\sprites.c:41: Attempting to load images/Player/playerPunch.png...
d:\mydocuments\gf2d work\5-13-19 recovery\it-276\60 seconds to failure\src\sprites.c:41: Attempting to load images/Player/playerIdle.png...
d:\mydocuments\gf2d work\5-13-19 recovery\it-276\60 seconds to failure\src\sprites.c:41: Attempting to load images/Player/playerWalk.png...
d:\mydocuments\gf2d work\5-13-19 recovery\it-276\60 seconds to failure\src\actor.c:245: Loaded actor Player
d:\mydocuments\gf2d work\5-13-19 recovery\it-276\60 seconds to failure\src\player.c:330: Player already has a physics body
