c:\users\sapph\documents\60tf\60tf\debug\vc120.pdb
c:\users\sapph\documents\60tf\60tf\debug\vc120.idb
c:\users\sapph\documents\60tf\60tf\debug\actor.obj
c:\users\sapph\documents\60tf\60tf\debug\animations.obj
c:\users\sapph\documents\60tf\60tf\debug\camera.obj
c:\users\sapph\documents\60tf\60tf\debug\entity.obj
c:\users\sapph\documents\60tf\60tf\debug\game.obj
c:\users\sapph\documents\60tf\60tf\debug\gameworld.obj
c:\users\sapph\documents\60tf\60tf\debug\gf2d_color.obj
c:\users\sapph\documents\60tf\60tf\debug\gf2d_draw.obj
c:\users\sapph\documents\60tf\60tf\debug\gf2d_list.obj
c:\users\sapph\documents\60tf\60tf\debug\gf2d_shape.obj
c:\users\sapph\documents\60tf\60tf\debug\gf2d_text.obj
c:\users\sapph\documents\60tf\60tf\debug\gf2d_vector.obj
c:\users\sapph\documents\60tf\60tf\debug\graphics.obj
c:\users\sapph\documents\60tf\60tf\debug\gui.obj
c:\users\sapph\documents\60tf\60tf\debug\player.obj
c:\users\sapph\documents\60tf\60tf\debug\simple_logger.obj
c:\users\sapph\documents\60tf\60tf\debug\sprites.obj
c:\users\sapph\documents\60tf\60tf\debug\60tf.tlog\cl.command.1.tlog
c:\users\sapph\documents\60tf\60tf\debug\60tf.tlog\cl.read.1.tlog
c:\users\sapph\documents\60tf\60tf\debug\60tf.tlog\cl.write.1.tlog
